The system is: Windows - 10.0.19043 - AMD64
Compiling the C compiler identification source file "CMakeCCompilerId.c" succeeded.
Compiler:  
Build flags: 
Id flags:  

The output was:
0
Microsoft (R) Build Engine versione 16.9.0+57a23d249 per .NET Framework
Copyright (C) Microsoft Corporation. Tutti i diritti sono riservati.

Compilazione avviata 27/08/2022 17:57:41.
Progetto "E:\Programmazione\AIV\III anno\Federico De Felici\Progetti\SDL-1945\build\CMakeFiles\3.19.1\CompilerIdC\CompilerIdC.vcxproj" sul nodo 1 (destinazioni predefinite).
PrepareForBuild:
  Creazione directory "Debug\".
  Creazione directory "Debug\CompilerIdC.tlog\".
InitializeBuildStatus:
  Creazione di "Debug\CompilerIdC.tlog\unsuccessfulbuild". È stato specificato "AlwaysCreate".
VcpkgTripletSelection:
  Using triplet "x64-windows" from "D:\Programmazione\dev\vcpkg\scripts\buildsystems\msbuild\..\..\..\installed\x64-windows\"
ClCompile:
  C:\Program Files (x86)\Microsoft Visual Studio\2019\Community\VC\Tools\MSVC\14.28.29910\bin\HostX64\x64\CL.exe /c /I"D:\Programmazione\dev\vcpkg\scripts\buildsystems\msbuild\..\..\..\installed\x64-windows\include" /nologo /W0 /WX- /diagnostics:column /Od /D _MBCS /Gm- /EHsc /RTC1 /MDd /GS /fp:precise /Zc:wchar_t /Zc:forScope /Zc:inline /Fo"Debug\\" /Fd"Debug\vc142.pdb" /Gd /TC /FC /errorReport:queue CMakeCCompilerId.c
  CMakeCCompilerId.c
Link:
  C:\Program Files (x86)\Microsoft Visual Studio\2019\Community\VC\Tools\MSVC\14.28.29910\bin\HostX64\x64\link.exe /ERRORREPORT:QUEUE /OUT:".\CompilerIdC.exe" /INCREMENTAL:NO /NOLOGO /LIBPATH:"D:\Programmazione\dev\vcpkg\scripts\buildsystems\msbuild\..\..\..\installed\x64-windows\debug\lib" /LIBPATH:"D:\Programmazione\dev\vcpkg\scripts\buildsystems\msbuild\..\..\..\installed\x64-windows\debug\lib\manual-link" kernel32.lib user32.lib gdi32.lib winspool.lib comdlg32.lib advapi32.lib shell32.lib ole32.lib oleaut32.lib uuid.lib odbc32.lib odbccp32.lib "D:\Programmazione\dev\vcpkg\scripts\buildsystems\msbuild\..\..\..\installed\x64-windows\debug\lib\*.lib" /MANIFEST /MANIFESTUAC:"level='asInvoker' uiAccess='false'" /manifest:embed /PDB:".\CompilerIdC.pdb" /SUBSYSTEM:CONSOLE /TLBID:1 /DYNAMICBASE /NXCOMPAT /IMPLIB:".\CompilerIdC.lib" /MACHINE:X64 Debug\CMakeCCompilerId.obj
  CompilerIdC.vcxproj -> E:\Programmazione\AIV\III anno\Federico De Felici\Progetti\SDL-1945\build\CMakeFiles\3.19.1\CompilerIdC\CompilerIdC.exe
AppLocalFromInstalled:
  pwsh.exe -ExecutionPolicy Bypass -noprofile -File "D:\Programmazione\dev\vcpkg\scripts\buildsystems\msbuild\applocal.ps1" "E:\Programmazione\AIV\III anno\Federico De Felici\Progetti\SDL-1945\build\CMakeFiles\3.19.1\CompilerIdC\CompilerIdC.exe" "D:\Programmazione\dev\vcpkg\scripts\buildsystems\msbuild\..\..\..\installed\x64-windows\debug\bin" "Debug\CompilerIdC.tlog\CompilerIdC.write.1u.tlog" "Debug\vcpkg.applocal.log"
  "pwsh.exe" non è riconosciuto come comando interno o esterno,
   un programma eseguibile o un file batch.
  Uscita dal comando "pwsh.exe -ExecutionPolicy Bypass -noprofile -File "D:\Programmazione\dev\vcpkg\scripts\buildsystems\msbuild\applocal.ps1" "E:\Programmazione\AIV\III anno\Federico De Felici\Progetti\SDL-1945\build\CMakeFiles\3.19.1\CompilerIdC\CompilerIdC.exe" "D:\Programmazione\dev\vcpkg\scripts\buildsystems\msbuild\..\..\..\installed\x64-windows\debug\bin" "Debug\CompilerIdC.tlog\CompilerIdC.write.1u.tlog" "Debug\vcpkg.applocal.log"" con codice 9009.
  "C:\WINDOWS\System32\WindowsPowerShell\v1.0\powershell.exe" -ExecutionPolicy Bypass -noprofile -File "D:\Programmazione\dev\vcpkg\scripts\buildsystems\msbuild\applocal.ps1" "E:\Programmazione\AIV\III anno\Federico De Felici\Progetti\SDL-1945\build\CMakeFiles\3.19.1\CompilerIdC\CompilerIdC.exe" "D:\Programmazione\dev\vcpkg\scripts\buildsystems\msbuild\..\..\..\installed\x64-windows\debug\bin" "Debug\CompilerIdC.tlog\CompilerIdC.write.1u.tlog" "Debug\vcpkg.applocal.log"
PostBuildEvent:
  for %%i in (cl.exe) do @echo CMAKE_C_COMPILER=%%~$PATH:i
  :VCEnd
  CMAKE_C_COMPILER=C:\Program Files (x86)\Microsoft Visual Studio\2019\Community\VC\Tools\MSVC\14.28.29910\bin\Hostx64\x64\cl.exe
FinalizeBuildStatus:
  Eliminazione del file "Debug\CompilerIdC.tlog\unsuccessfulbuild" in corso.
  Aggiornamento timestamp di "Debug\CompilerIdC.tlog\CompilerIdC.lastbuildstate".
Compilazione progetto "E:\Programmazione\AIV\III anno\Federico De Felici\Progetti\SDL-1945\build\CMakeFiles\3.19.1\CompilerIdC\CompilerIdC.vcxproj" (destinazioni predefinite) completata.

Compilazione completata.
    Avvisi: 0
    Errori: 0

Tempo trascorso 00:00:01.86


Compilation of the C compiler identification source "CMakeCCompilerId.c" produced "CompilerIdC.exe"

Compilation of the C compiler identification source "CMakeCCompilerId.c" produced "CompilerIdC.vcxproj"

The C compiler identification is MSVC, found in "E:/Programmazione/AIV/III anno/Federico De Felici/Progetti/SDL-1945/build/CMakeFiles/3.19.1/CompilerIdC/CompilerIdC.exe"

Detecting C compiler ABI info compiled with the following output:
Change Dir: E:/Programmazione/AIV/III anno/Federico De Felici/Progetti/SDL-1945/build/CMakeFiles/CMakeTmp

Run Build Command(s):C:/Program Files (x86)/Microsoft Visual Studio/2019/Community/MSBuild/Current/Bin/MSBuild.exe cmTC_9a00d.vcxproj /p:Configuration=Debug /p:Platform=x64 /p:VisualStudioVersion=16.0 /v:m && Microsoft (R) Build Engine versione 16.9.0+57a23d249 per .NET Framework
Copyright (C) Microsoft Corporation. Tutti i diritti sono riservati.

  Microsoft (R) C/C++ Optimizing Compiler versione 19.28.29912 per x64
  Copyright (C) Microsoft Corporation. Tutti i diritti  sono riservati.
  CMakeCCompilerABI.c
  cl /c /I"D:\Programmazione\dev\vcpkg\scripts\buildsystems\msbuild\..\..\..\installed\x64-windows\include" /Zi /W1 /WX- /diagnostics:column /Od /Ob0 /D WIN32 /D _WINDOWS /D "CMAKE_INTDIR=\"Debug\"" /D _MBCS /Gm- /RTC1 /MDd /GS /fp:precise /Zc:wchar_t /Zc:forScope /Zc:inline /Fo"cmTC_9a00d.dir\Debug\\" /Fd"cmTC_9a00d.dir\Debug\vc142.pdb" /Gd /TC /errorReport:queue "C:\Program Files\CMake\share\cmake-3.19\Modules\CMakeCCompilerABI.c"
  cmTC_9a00d.vcxproj -> E:\Programmazione\AIV\III anno\Federico De Felici\Progetti\SDL-1945\build\CMakeFiles\CMakeTmp\Debug\cmTC_9a00d.exe



